2023-04-25T16:45:50.486+02:00  INFO 13785 --- [restartedMain] c.s.stockifyapp.StockifyAppApplication   : Starting StockifyAppApplication using Java 17.0.6 with PID 13785 (/Users/carlos/Documents/PAD/202010774-GITT-PAT-practica-5/stockify-api/target/classes started by carlos in /Users/carlos/Documents/PAD/202010774-GITT-PAT-practica-5)
2023-04-25T16:45:50.491+02:00 DEBUG 13785 --- [restartedMain] c.s.stockifyapp.StockifyAppApplication   : Running with Spring Boot v3.0.4, Spring v6.0.6
2023-04-25T16:45:50.491+02:00  INFO 13785 --- [restartedMain] c.s.stockifyapp.StockifyAppApplication   : No active profile set, falling back to 1 default profile: "default"
2023-04-25T16:45:51.853+02:00  INFO 13785 --- [restartedMain] c.s.stockifyapp.StockifyAppApplication   : Started StockifyAppApplication in 1.604 seconds (process running for 2.037)
2023-04-25T16:47:09.270+02:00 ERROR 13785 --- [http-nio-8080-exec-6] c.s.s.controller.PorfolioController      : Failed to upload file: PreparedStatementCallback; bad SQL grammar [INSERT INTO portfolio_movement (user_id, ticker, quantity, price, date) VALUES (?, ?, ?, ?, ?)]
2023-04-25T16:47:42.163+02:00 ERROR 13785 --- [http-nio-8080-exec-7] c.s.s.controller.PorfolioController      : Failed to upload file: PreparedStatementCallback; bad SQL grammar [INSERT INTO portfolio_movement (user_id, ticker, quantity, price, date) VALUES (?, ?, ?, ?, ?)]
2023-04-25T16:50:10.370+02:00  INFO 13785 --- [http-nio-8080-exec-8] c.s.s.controller.PorfolioController      : File downloaded successfully
2023-04-25T16:50:45.965+02:00  INFO 13785 --- [restartedMain] c.s.stockifyapp.StockifyAppApplication   : Starting StockifyAppApplication using Java 17.0.6 with PID 13785 (/Users/carlos/Documents/PAD/202010774-GITT-PAT-practica-5/stockify-api/target/classes started by carlos in /Users/carlos/Documents/PAD/202010774-GITT-PAT-practica-5)
2023-04-25T16:50:45.966+02:00 DEBUG 13785 --- [restartedMain] c.s.stockifyapp.StockifyAppApplication   : Running with Spring Boot v3.0.4, Spring v6.0.6
2023-04-25T16:50:45.966+02:00  INFO 13785 --- [restartedMain] c.s.stockifyapp.StockifyAppApplication   : No active profile set, falling back to 1 default profile: "default"
2023-04-25T16:50:46.295+02:00  INFO 13785 --- [restartedMain] c.s.stockifyapp.StockifyAppApplication   : Started StockifyAppApplication in 0.342 seconds (process running for 296.476)
2023-04-25T16:51:10.013+02:00  INFO 13785 --- [restartedMain] c.s.stockifyapp.StockifyAppApplication   : Starting StockifyAppApplication using Java 17.0.6 with PID 13785 (/Users/carlos/Documents/PAD/202010774-GITT-PAT-practica-5/stockify-api/target/classes started by carlos in /Users/carlos/Documents/PAD/202010774-GITT-PAT-practica-5)
2023-04-25T16:51:10.013+02:00 DEBUG 13785 --- [restartedMain] c.s.stockifyapp.StockifyAppApplication   : Running with Spring Boot v3.0.4, Spring v6.0.6
2023-04-25T16:51:10.013+02:00  INFO 13785 --- [restartedMain] c.s.stockifyapp.StockifyAppApplication   : No active profile set, falling back to 1 default profile: "default"
2023-04-25T16:51:10.271+02:00  INFO 13785 --- [restartedMain] c.s.stockifyapp.StockifyAppApplication   : Started StockifyAppApplication in 0.27 seconds (process running for 320.452)
2023-04-25T16:51:16.770+02:00  INFO 13785 --- [restartedMain] c.s.stockifyapp.StockifyAppApplication   : Starting StockifyAppApplication using Java 17.0.6 with PID 13785 (/Users/carlos/Documents/PAD/202010774-GITT-PAT-practica-5/stockify-api/target/classes started by carlos in /Users/carlos/Documents/PAD/202010774-GITT-PAT-practica-5)
2023-04-25T16:51:16.770+02:00 DEBUG 13785 --- [restartedMain] c.s.stockifyapp.StockifyAppApplication   : Running with Spring Boot v3.0.4, Spring v6.0.6
2023-04-25T16:51:16.770+02:00  INFO 13785 --- [restartedMain] c.s.stockifyapp.StockifyAppApplication   : No active profile set, falling back to 1 default profile: "default"
2023-04-25T16:51:17.004+02:00  INFO 13785 --- [restartedMain] c.s.stockifyapp.StockifyAppApplication   : Started StockifyAppApplication in 0.244 seconds (process running for 327.185)
2023-04-25T16:51:19.501+02:00  INFO 13785 --- [restartedMain] c.s.stockifyapp.StockifyAppApplication   : Starting StockifyAppApplication using Java 17.0.6 with PID 13785 (/Users/carlos/Documents/PAD/202010774-GITT-PAT-practica-5/stockify-api/target/classes started by carlos in /Users/carlos/Documents/PAD/202010774-GITT-PAT-practica-5)
2023-04-25T16:51:19.502+02:00 DEBUG 13785 --- [restartedMain] c.s.stockifyapp.StockifyAppApplication   : Running with Spring Boot v3.0.4, Spring v6.0.6
2023-04-25T16:51:19.502+02:00  INFO 13785 --- [restartedMain] c.s.stockifyapp.StockifyAppApplication   : No active profile set, falling back to 1 default profile: "default"
2023-04-25T16:51:19.728+02:00  INFO 13785 --- [restartedMain] c.s.stockifyapp.StockifyAppApplication   : Started StockifyAppApplication in 0.238 seconds (process running for 329.909)
2023-04-25T16:51:24.213+02:00  INFO 13785 --- [restartedMain] c.s.stockifyapp.StockifyAppApplication   : Starting StockifyAppApplication using Java 17.0.6 with PID 13785 (/Users/carlos/Documents/PAD/202010774-GITT-PAT-practica-5/stockify-api/target/classes started by carlos in /Users/carlos/Documents/PAD/202010774-GITT-PAT-practica-5)
2023-04-25T16:51:24.213+02:00 DEBUG 13785 --- [restartedMain] c.s.stockifyapp.StockifyAppApplication   : Running with Spring Boot v3.0.4, Spring v6.0.6
2023-04-25T16:51:24.213+02:00  INFO 13785 --- [restartedMain] c.s.stockifyapp.StockifyAppApplication   : No active profile set, falling back to 1 default profile: "default"
2023-04-25T16:51:24.432+02:00  INFO 13785 --- [restartedMain] c.s.stockifyapp.StockifyAppApplication   : Started StockifyAppApplication in 0.23 seconds (process running for 334.614)
2023-04-25T16:51:27.897+02:00  INFO 13785 --- [restartedMain] c.s.stockifyapp.StockifyAppApplication   : Starting StockifyAppApplication using Java 17.0.6 with PID 13785 (/Users/carlos/Documents/PAD/202010774-GITT-PAT-practica-5/stockify-api/target/classes started by carlos in /Users/carlos/Documents/PAD/202010774-GITT-PAT-practica-5)
2023-04-25T16:51:27.898+02:00 DEBUG 13785 --- [restartedMain] c.s.stockifyapp.StockifyAppApplication   : Running with Spring Boot v3.0.4, Spring v6.0.6
2023-04-25T16:51:27.898+02:00  INFO 13785 --- [restartedMain] c.s.stockifyapp.StockifyAppApplication   : No active profile set, falling back to 1 default profile: "default"
2023-04-25T16:51:28.115+02:00  INFO 13785 --- [restartedMain] c.s.stockifyapp.StockifyAppApplication   : Started StockifyAppApplication in 0.229 seconds (process running for 338.297)
2023-04-25T16:51:29.565+02:00  INFO 13785 --- [restartedMain] c.s.stockifyapp.StockifyAppApplication   : Starting StockifyAppApplication using Java 17.0.6 with PID 13785 (/Users/carlos/Documents/PAD/202010774-GITT-PAT-practica-5/stockify-api/target/classes started by carlos in /Users/carlos/Documents/PAD/202010774-GITT-PAT-practica-5)
2023-04-25T16:51:29.565+02:00 DEBUG 13785 --- [restartedMain] c.s.stockifyapp.StockifyAppApplication   : Running with Spring Boot v3.0.4, Spring v6.0.6
2023-04-25T16:51:29.565+02:00  INFO 13785 --- [restartedMain] c.s.stockifyapp.StockifyAppApplication   : No active profile set, falling back to 1 default profile: "default"
2023-04-25T16:51:29.766+02:00  INFO 13785 --- [restartedMain] c.s.stockifyapp.StockifyAppApplication   : Started StockifyAppApplication in 0.21 seconds (process running for 339.947)
2023-04-25T16:51:37.919+02:00  INFO 14042 --- [restartedMain] c.s.stockifyapp.StockifyAppApplication   : Starting StockifyAppApplication using Java 17.0.6 with PID 14042 (/Users/carlos/Documents/PAD/202010774-GITT-PAT-practica-5/stockify-api/target/classes started by carlos in /Users/carlos/Documents/PAD/202010774-GITT-PAT-practica-5)
2023-04-25T16:51:37.920+02:00 DEBUG 14042 --- [restartedMain] c.s.stockifyapp.StockifyAppApplication   : Running with Spring Boot v3.0.4, Spring v6.0.6
2023-04-25T16:51:37.920+02:00  INFO 14042 --- [restartedMain] c.s.stockifyapp.StockifyAppApplication   : No active profile set, falling back to 1 default profile: "default"
2023-04-25T16:51:39.266+02:00  INFO 14042 --- [restartedMain] c.s.stockifyapp.StockifyAppApplication   : Started StockifyAppApplication in 1.567 seconds (process running for 1.833)
2023-04-25T16:51:45.777+02:00  INFO 14042 --- [restartedMain] c.s.stockifyapp.StockifyAppApplication   : Starting StockifyAppApplication using Java 17.0.6 with PID 14042 (/Users/carlos/Documents/PAD/202010774-GITT-PAT-practica-5/stockify-api/target/classes started by carlos in /Users/carlos/Documents/PAD/202010774-GITT-PAT-practica-5)
2023-04-25T16:51:45.777+02:00 DEBUG 14042 --- [restartedMain] c.s.stockifyapp.StockifyAppApplication   : Running with Spring Boot v3.0.4, Spring v6.0.6
2023-04-25T16:51:45.777+02:00  INFO 14042 --- [restartedMain] c.s.stockifyapp.StockifyAppApplication   : No active profile set, falling back to 1 default profile: "default"
2023-04-25T16:51:46.082+02:00  INFO 14042 --- [restartedMain] c.s.stockifyapp.StockifyAppApplication   : Started StockifyAppApplication in 0.318 seconds (process running for 8.649)
2023-04-25T16:51:54.139+02:00  INFO 14042 --- [http-nio-8080-exec-1] c.s.s.controller.PorfolioController      : File uploaded and processed successfully
